<?xml version="1.0" encoding="UTF-8"?>
<testsuite xmlns:xsi="http://www.w3.org/2001/XMLSchema-instance" xsi:noNamespaceSchemaLocation="https://maven.apache.org/surefire/maven-surefire-plugin/xsd/surefire-test-report-3.0.xsd" version="3.0" name="TestSuite" time="53.199" tests="11" errors="0" skipped="0" failures="0">
  <properties>
    <property name="java.specification.version" value="22"/>
    <property name="webdriver.chrome.driver" value="/Users/tejshad/eclipse-workspace/Browsers/chromedriver"/>
    <property name="sun.jnu.encoding" value="UTF-8"/>
    <property name="java.class.path" value="/Users/tejshad/eclipse-workspace/FreeCRMProjectTest/target/test-classes:/Users/tejshad/eclipse-workspace/FreeCRMProjectTest/target/classes:/Users/tejshad/.m2/repository/org/seleniumhq/selenium/selenium-java/4.23.0/selenium-java-4.23.0.jar:/Users/tejshad/.m2/repository/org/seleniumhq/selenium/selenium-api/4.23.0/selenium-api-4.23.0.jar:/Users/tejshad/.m2/repository/org/seleniumhq/selenium/selenium-chrome-driver/4.23.0/selenium-chrome-driver-4.23.0.jar:/Users/tejshad/.m2/repository/com/google/auto/service/auto-service-annotations/1.1.1/auto-service-annotations-1.1.1.jar:/Users/tejshad/.m2/repository/org/seleniumhq/selenium/selenium-chromium-driver/4.23.0/selenium-chromium-driver-4.23.0.jar:/Users/tejshad/.m2/repository/org/seleniumhq/selenium/selenium-json/4.23.0/selenium-json-4.23.0.jar:/Users/tejshad/.m2/repository/org/seleniumhq/selenium/selenium-manager/4.23.0/selenium-manager-4.23.0.jar:/Users/tejshad/.m2/repository/org/seleniumhq/selenium/selenium-devtools-v125/4.23.0/selenium-devtools-v125-4.23.0.jar:/Users/tejshad/.m2/repository/org/seleniumhq/selenium/selenium-devtools-v126/4.23.0/selenium-devtools-v126-4.23.0.jar:/Users/tejshad/.m2/repository/org/seleniumhq/selenium/selenium-devtools-v127/4.23.0/selenium-devtools-v127-4.23.0.jar:/Users/tejshad/.m2/repository/org/seleniumhq/selenium/selenium-devtools-v85/4.23.0/selenium-devtools-v85-4.23.0.jar:/Users/tejshad/.m2/repository/org/seleniumhq/selenium/selenium-edge-driver/4.23.0/selenium-edge-driver-4.23.0.jar:/Users/tejshad/.m2/repository/org/seleniumhq/selenium/selenium-firefox-driver/4.23.0/selenium-firefox-driver-4.23.0.jar:/Users/tejshad/.m2/repository/org/seleniumhq/selenium/selenium-http/4.23.0/selenium-http-4.23.0.jar:/Users/tejshad/.m2/repository/dev/failsafe/failsafe/3.3.2/failsafe-3.3.2.jar:/Users/tejshad/.m2/repository/org/seleniumhq/selenium/selenium-ie-driver/4.23.0/selenium-ie-driver-4.23.0.jar:/Users/tejshad/.m2/repository/org/seleniumhq/selenium/selenium-remote-driver/4.23.0/selenium-remote-driver-4.23.0.jar:/Users/tejshad/.m2/repository/com/google/guava/guava/33.2.1-jre/guava-33.2.1-jre.jar:/Users/tejshad/.m2/repository/com/google/guava/failureaccess/1.0.2/failureaccess-1.0.2.jar:/Users/tejshad/.m2/repository/com/google/guava/listenablefuture/9999.0-empty-to-avoid-conflict-with-guava/listenablefuture-9999.0-empty-to-avoid-conflict-with-guava.jar:/Users/tejshad/.m2/repository/com/google/code/findbugs/jsr305/3.0.2/jsr305-3.0.2.jar:/Users/tejshad/.m2/repository/org/checkerframework/checker-qual/3.42.0/checker-qual-3.42.0.jar:/Users/tejshad/.m2/repository/com/google/errorprone/error_prone_annotations/2.26.1/error_prone_annotations-2.26.1.jar:/Users/tejshad/.m2/repository/com/google/j2objc/j2objc-annotations/3.0.0/j2objc-annotations-3.0.0.jar:/Users/tejshad/.m2/repository/io/opentelemetry/semconv/opentelemetry-semconv/1.25.0-alpha/opentelemetry-semconv-1.25.0-alpha.jar:/Users/tejshad/.m2/repository/io/opentelemetry/opentelemetry-api/1.40.0/opentelemetry-api-1.40.0.jar:/Users/tejshad/.m2/repository/io/opentelemetry/opentelemetry-context/1.40.0/opentelemetry-context-1.40.0.jar:/Users/tejshad/.m2/repository/io/opentelemetry/opentelemetry-exporter-logging/1.40.0/opentelemetry-exporter-logging-1.40.0.jar:/Users/tejshad/.m2/repository/io/opentelemetry/opentelemetry-sdk-common/1.40.0/opentelemetry-sdk-common-1.40.0.jar:/Users/tejshad/.m2/repository/io/opentelemetry/opentelemetry-sdk-extension-autoconfigure-spi/1.40.0/opentelemetry-sdk-extension-autoconfigure-spi-1.40.0.jar:/Users/tejshad/.m2/repository/io/opentelemetry/opentelemetry-sdk-extension-autoconfigure/1.40.0/opentelemetry-sdk-extension-autoconfigure-1.40.0.jar:/Users/tejshad/.m2/repository/io/opentelemetry/opentelemetry-api-incubator/1.40.0-alpha/opentelemetry-api-incubator-1.40.0-alpha.jar:/Users/tejshad/.m2/repository/io/opentelemetry/opentelemetry-sdk-trace/1.40.0/opentelemetry-sdk-trace-1.40.0.jar:/Users/tejshad/.m2/repository/io/opentelemetry/opentelemetry-sdk/1.40.0/opentelemetry-sdk-1.40.0.jar:/Users/tejshad/.m2/repository/io/opentelemetry/opentelemetry-sdk-metrics/1.40.0/opentelemetry-sdk-metrics-1.40.0.jar:/Users/tejshad/.m2/repository/io/opentelemetry/opentelemetry-sdk-logs/1.40.0/opentelemetry-sdk-logs-1.40.0.jar:/Users/tejshad/.m2/repository/net/bytebuddy/byte-buddy/1.14.18/byte-buddy-1.14.18.jar:/Users/tejshad/.m2/repository/org/seleniumhq/selenium/selenium-os/4.23.0/selenium-os-4.23.0.jar:/Users/tejshad/.m2/repository/org/apache/commons/commons-exec/1.4.0/commons-exec-1.4.0.jar:/Users/tejshad/.m2/repository/org/seleniumhq/selenium/selenium-safari-driver/4.23.0/selenium-safari-driver-4.23.0.jar:/Users/tejshad/.m2/repository/org/seleniumhq/selenium/selenium-support/4.23.0/selenium-support-4.23.0.jar:/Users/tejshad/.m2/repository/org/testng/testng/7.10.2/testng-7.10.2.jar:/Users/tejshad/.m2/repository/org/slf4j/slf4j-api/1.7.36/slf4j-api-1.7.36.jar:/Users/tejshad/.m2/repository/com/beust/jcommander/1.82/jcommander-1.82.jar:/Users/tejshad/.m2/repository/org/webjars/jquery/3.7.1/jquery-3.7.1.jar:/Users/tejshad/.m2/repository/org/apache/poi/poi/3.9/poi-3.9.jar:/Users/tejshad/.m2/repository/commons-codec/commons-codec/1.5/commons-codec-1.5.jar:/Users/tejshad/.m2/repository/org/apache/poi/poi-ooxml/3.9/poi-ooxml-3.9.jar:/Users/tejshad/.m2/repository/dom4j/dom4j/1.6.1/dom4j-1.6.1.jar:/Users/tejshad/.m2/repository/xml-apis/xml-apis/1.0.b2/xml-apis-1.0.b2.jar:/Users/tejshad/.m2/repository/org/apache/poi/poi-ooxml-schemas/3.9/poi-ooxml-schemas-3.9.jar:/Users/tejshad/.m2/repository/org/apache/xmlbeans/xmlbeans/2.3.0/xmlbeans-2.3.0.jar:/Users/tejshad/.m2/repository/stax/stax-api/1.0.1/stax-api-1.0.1.jar:/Users/tejshad/.m2/repository/org/apache/poi/poi-scratchpad/3.9/poi-scratchpad-3.9.jar:/Users/tejshad/.m2/repository/org/apache/poi/ooxml-schemas/1.1/ooxml-schemas-1.1.jar:/Users/tejshad/.m2/repository/org/apache/poi/openxml4j/1.0-beta/openxml4j-1.0-beta.jar:/Users/tejshad/.m2/repository/log4j/log4j/1.2.8/log4j-1.2.8.jar:/Users/tejshad/.m2/repository/commons-io/commons-io/2.6/commons-io-2.6.jar:/Users/tejshad/.m2/repository/com/relevantcodes/extentreports/2.41.2/extentreports-2.41.2.jar:/Users/tejshad/.m2/repository/org/jsoup/jsoup/1.8.3/jsoup-1.8.3.jar:/Users/tejshad/.m2/repository/org/xerial/sqlite-jdbc/3.8.11.1/sqlite-jdbc-3.8.11.1.jar:/Users/tejshad/.m2/repository/org/freemarker/freemarker/2.3.23/freemarker-2.3.23.jar:/Users/tejshad/.m2/repository/org/mongodb/mongodb-driver/3.0.4/mongodb-driver-3.0.4.jar:/Users/tejshad/.m2/repository/org/mongodb/bson/3.0.4/bson-3.0.4.jar:/Users/tejshad/.m2/repository/org/mongodb/mongodb-driver-core/3.0.4/mongodb-driver-core-3.0.4.jar:"/>
    <property name="java.vm.vendor" value="Homebrew"/>
    <property name="sun.arch.data.model" value="64"/>
    <property name="java.vendor.url" value="https://github.com/Homebrew/homebrew-core/issues"/>
    <property name="user.timezone" value="America/Toronto"/>
    <property name="os.name" value="Mac OS X"/>
    <property name="java.vm.specification.version" value="22"/>
    <property name="sun.java.launcher" value="SUN_STANDARD"/>
    <property name="user.country" value="CA"/>
    <property name="sun.boot.library.path" value="/opt/homebrew/Cellar/openjdk/22.0.2/libexec/openjdk.jdk/Contents/Home/lib"/>
    <property name="sun.java.command" value="/Users/tejshad/eclipse-workspace/FreeCRMProjectTest/target/surefire/surefirebooter-20240904194519556_3.jar /Users/tejshad/eclipse-workspace/FreeCRMProjectTest/target/surefire 2024-09-04T19-45-19_426-jvmRun1 surefire-20240904194519556_1tmp surefire_0-20240904194519556_2tmp"/>
    <property name="http.nonProxyHosts" value="local|*.local|169.254/16|*.169.254/16"/>
    <property name="jdk.debug" value="release"/>
    <property name="surefire.test.class.path" value="/Users/tejshad/eclipse-workspace/FreeCRMProjectTest/target/test-classes:/Users/tejshad/eclipse-workspace/FreeCRMProjectTest/target/classes:/Users/tejshad/.m2/repository/org/seleniumhq/selenium/selenium-java/4.23.0/selenium-java-4.23.0.jar:/Users/tejshad/.m2/repository/org/seleniumhq/selenium/selenium-api/4.23.0/selenium-api-4.23.0.jar:/Users/tejshad/.m2/repository/org/seleniumhq/selenium/selenium-chrome-driver/4.23.0/selenium-chrome-driver-4.23.0.jar:/Users/tejshad/.m2/repository/com/google/auto/service/auto-service-annotations/1.1.1/auto-service-annotations-1.1.1.jar:/Users/tejshad/.m2/repository/org/seleniumhq/selenium/selenium-chromium-driver/4.23.0/selenium-chromium-driver-4.23.0.jar:/Users/tejshad/.m2/repository/org/seleniumhq/selenium/selenium-json/4.23.0/selenium-json-4.23.0.jar:/Users/tejshad/.m2/repository/org/seleniumhq/selenium/selenium-manager/4.23.0/selenium-manager-4.23.0.jar:/Users/tejshad/.m2/repository/org/seleniumhq/selenium/selenium-devtools-v125/4.23.0/selenium-devtools-v125-4.23.0.jar:/Users/tejshad/.m2/repository/org/seleniumhq/selenium/selenium-devtools-v126/4.23.0/selenium-devtools-v126-4.23.0.jar:/Users/tejshad/.m2/repository/org/seleniumhq/selenium/selenium-devtools-v127/4.23.0/selenium-devtools-v127-4.23.0.jar:/Users/tejshad/.m2/repository/org/seleniumhq/selenium/selenium-devtools-v85/4.23.0/selenium-devtools-v85-4.23.0.jar:/Users/tejshad/.m2/repository/org/seleniumhq/selenium/selenium-edge-driver/4.23.0/selenium-edge-driver-4.23.0.jar:/Users/tejshad/.m2/repository/org/seleniumhq/selenium/selenium-firefox-driver/4.23.0/selenium-firefox-driver-4.23.0.jar:/Users/tejshad/.m2/repository/org/seleniumhq/selenium/selenium-http/4.23.0/selenium-http-4.23.0.jar:/Users/tejshad/.m2/repository/dev/failsafe/failsafe/3.3.2/failsafe-3.3.2.jar:/Users/tejshad/.m2/repository/org/seleniumhq/selenium/selenium-ie-driver/4.23.0/selenium-ie-driver-4.23.0.jar:/Users/tejshad/.m2/repository/org/seleniumhq/selenium/selenium-remote-driver/4.23.0/selenium-remote-driver-4.23.0.jar:/Users/tejshad/.m2/repository/com/google/guava/guava/33.2.1-jre/guava-33.2.1-jre.jar:/Users/tejshad/.m2/repository/com/google/guava/failureaccess/1.0.2/failureaccess-1.0.2.jar:/Users/tejshad/.m2/repository/com/google/guava/listenablefuture/9999.0-empty-to-avoid-conflict-with-guava/listenablefuture-9999.0-empty-to-avoid-conflict-with-guava.jar:/Users/tejshad/.m2/repository/com/google/code/findbugs/jsr305/3.0.2/jsr305-3.0.2.jar:/Users/tejshad/.m2/repository/org/checkerframework/checker-qual/3.42.0/checker-qual-3.42.0.jar:/Users/tejshad/.m2/repository/com/google/errorprone/error_prone_annotations/2.26.1/error_prone_annotations-2.26.1.jar:/Users/tejshad/.m2/repository/com/google/j2objc/j2objc-annotations/3.0.0/j2objc-annotations-3.0.0.jar:/Users/tejshad/.m2/repository/io/opentelemetry/semconv/opentelemetry-semconv/1.25.0-alpha/opentelemetry-semconv-1.25.0-alpha.jar:/Users/tejshad/.m2/repository/io/opentelemetry/opentelemetry-api/1.40.0/opentelemetry-api-1.40.0.jar:/Users/tejshad/.m2/repository/io/opentelemetry/opentelemetry-context/1.40.0/opentelemetry-context-1.40.0.jar:/Users/tejshad/.m2/repository/io/opentelemetry/opentelemetry-exporter-logging/1.40.0/opentelemetry-exporter-logging-1.40.0.jar:/Users/tejshad/.m2/repository/io/opentelemetry/opentelemetry-sdk-common/1.40.0/opentelemetry-sdk-common-1.40.0.jar:/Users/tejshad/.m2/repository/io/opentelemetry/opentelemetry-sdk-extension-autoconfigure-spi/1.40.0/opentelemetry-sdk-extension-autoconfigure-spi-1.40.0.jar:/Users/tejshad/.m2/repository/io/opentelemetry/opentelemetry-sdk-extension-autoconfigure/1.40.0/opentelemetry-sdk-extension-autoconfigure-1.40.0.jar:/Users/tejshad/.m2/repository/io/opentelemetry/opentelemetry-api-incubator/1.40.0-alpha/opentelemetry-api-incubator-1.40.0-alpha.jar:/Users/tejshad/.m2/repository/io/opentelemetry/opentelemetry-sdk-trace/1.40.0/opentelemetry-sdk-trace-1.40.0.jar:/Users/tejshad/.m2/repository/io/opentelemetry/opentelemetry-sdk/1.40.0/opentelemetry-sdk-1.40.0.jar:/Users/tejshad/.m2/repository/io/opentelemetry/opentelemetry-sdk-metrics/1.40.0/opentelemetry-sdk-metrics-1.40.0.jar:/Users/tejshad/.m2/repository/io/opentelemetry/opentelemetry-sdk-logs/1.40.0/opentelemetry-sdk-logs-1.40.0.jar:/Users/tejshad/.m2/repository/net/bytebuddy/byte-buddy/1.14.18/byte-buddy-1.14.18.jar:/Users/tejshad/.m2/repository/org/seleniumhq/selenium/selenium-os/4.23.0/selenium-os-4.23.0.jar:/Users/tejshad/.m2/repository/org/apache/commons/commons-exec/1.4.0/commons-exec-1.4.0.jar:/Users/tejshad/.m2/repository/org/seleniumhq/selenium/selenium-safari-driver/4.23.0/selenium-safari-driver-4.23.0.jar:/Users/tejshad/.m2/repository/org/seleniumhq/selenium/selenium-support/4.23.0/selenium-support-4.23.0.jar:/Users/tejshad/.m2/repository/org/testng/testng/7.10.2/testng-7.10.2.jar:/Users/tejshad/.m2/repository/org/slf4j/slf4j-api/1.7.36/slf4j-api-1.7.36.jar:/Users/tejshad/.m2/repository/com/beust/jcommander/1.82/jcommander-1.82.jar:/Users/tejshad/.m2/repository/org/webjars/jquery/3.7.1/jquery-3.7.1.jar:/Users/tejshad/.m2/repository/org/apache/poi/poi/3.9/poi-3.9.jar:/Users/tejshad/.m2/repository/commons-codec/commons-codec/1.5/commons-codec-1.5.jar:/Users/tejshad/.m2/repository/org/apache/poi/poi-ooxml/3.9/poi-ooxml-3.9.jar:/Users/tejshad/.m2/repository/dom4j/dom4j/1.6.1/dom4j-1.6.1.jar:/Users/tejshad/.m2/repository/xml-apis/xml-apis/1.0.b2/xml-apis-1.0.b2.jar:/Users/tejshad/.m2/repository/org/apache/poi/poi-ooxml-schemas/3.9/poi-ooxml-schemas-3.9.jar:/Users/tejshad/.m2/repository/org/apache/xmlbeans/xmlbeans/2.3.0/xmlbeans-2.3.0.jar:/Users/tejshad/.m2/repository/stax/stax-api/1.0.1/stax-api-1.0.1.jar:/Users/tejshad/.m2/repository/org/apache/poi/poi-scratchpad/3.9/poi-scratchpad-3.9.jar:/Users/tejshad/.m2/repository/org/apache/poi/ooxml-schemas/1.1/ooxml-schemas-1.1.jar:/Users/tejshad/.m2/repository/org/apache/poi/openxml4j/1.0-beta/openxml4j-1.0-beta.jar:/Users/tejshad/.m2/repository/log4j/log4j/1.2.8/log4j-1.2.8.jar:/Users/tejshad/.m2/repository/commons-io/commons-io/2.6/commons-io-2.6.jar:/Users/tejshad/.m2/repository/com/relevantcodes/extentreports/2.41.2/extentreports-2.41.2.jar:/Users/tejshad/.m2/repository/org/jsoup/jsoup/1.8.3/jsoup-1.8.3.jar:/Users/tejshad/.m2/repository/org/xerial/sqlite-jdbc/3.8.11.1/sqlite-jdbc-3.8.11.1.jar:/Users/tejshad/.m2/repository/org/freemarker/freemarker/2.3.23/freemarker-2.3.23.jar:/Users/tejshad/.m2/repository/org/mongodb/mongodb-driver/3.0.4/mongodb-driver-3.0.4.jar:/Users/tejshad/.m2/repository/org/mongodb/bson/3.0.4/bson-3.0.4.jar:/Users/tejshad/.m2/repository/org/mongodb/mongodb-driver-core/3.0.4/mongodb-driver-core-3.0.4.jar:"/>
    <property name="sun.cpu.endian" value="little"/>
    <property name="user.home" value="/Users/tejshad"/>
    <property name="user.language" value="en"/>
    <property name="java.specification.vendor" value="Oracle Corporation"/>
    <property name="java.version.date" value="2024-07-16"/>
    <property name="java.home" value="/opt/homebrew/Cellar/openjdk/22.0.2/libexec/openjdk.jdk/Contents/Home"/>
    <property name="file.separator" value="/"/>
    <property name="basedir" value="/Users/tejshad/eclipse-workspace/FreeCRMProjectTest"/>
    <property name="java.vm.compressedOopsMode" value="Zero based"/>
    <property name="line.separator" value="&#10;"/>
    <property name="java.vm.specification.vendor" value="Oracle Corporation"/>
    <property name="java.specification.name" value="Java Platform API Specification"/>
    <property name="apple.awt.application.name" value="ForkedBooter"/>
    <property name="surefire.real.class.path" value="/Users/tejshad/eclipse-workspace/FreeCRMProjectTest/target/surefire/surefirebooter-20240904194519556_3.jar"/>
    <property name="sun.management.compiler" value="HotSpot 64-Bit Tiered Compilers"/>
    <property name="ftp.nonProxyHosts" value="local|*.local|169.254/16|*.169.254/16"/>
    <property name="java.runtime.version" value="22.0.2"/>
    <property name="user.name" value="tejshad"/>
    <property name="stdout.encoding" value="UTF-8"/>
    <property name="path.separator" value=":"/>
    <property name="os.version" value="13.1"/>
    <property name="java.runtime.name" value="OpenJDK Runtime Environment"/>
    <property name="file.encoding" value="UTF-8"/>
    <property name="java.vm.name" value="OpenJDK 64-Bit Server VM"/>
    <property name="java.vendor.version" value="Homebrew"/>
    <property name="localRepository" value="/Users/tejshad/.m2/repository"/>
    <property name="java.vendor.url.bug" value="https://github.com/Homebrew/homebrew-core/issues"/>
    <property name="java.io.tmpdir" value="/var/folders/zm/9_3m2sxn5pjbfgvvmnymbgn40000gn/T/"/>
    <property name="java.version" value="22.0.2"/>
    <property name="user.dir" value="/Users/tejshad/eclipse-workspace/FreeCRMProjectTest"/>
    <property name="os.arch" value="aarch64"/>
    <property name="java.vm.specification.name" value="Java Virtual Machine Specification"/>
    <property name="native.encoding" value="UTF-8"/>
    <property name="java.library.path" value="/Users/tejshad/Library/Java/Extensions:/Library/Java/Extensions:/Network/Library/Java/Extensions:/System/Library/Java/Extensions:/usr/lib/java:."/>
    <property name="java.vm.info" value="mixed mode, sharing"/>
    <property name="stderr.encoding" value="UTF-8"/>
    <property name="java.vendor" value="Homebrew"/>
    <property name="java.vm.version" value="22.0.2"/>
    <property name="sun.io.unicode.encoding" value="UnicodeBig"/>
    <property name="socksNonProxyHosts" value="local|*.local|169.254/16|*.169.254/16"/>
    <property name="java.class.version" value="66.0"/>
  </properties>
  <testcase name="verifyDataCanBeAddedFromExcelSheet[Test1, Last1](1)" classname="com.crm.qa.testcases.CreateNewContactPageTests" time="1.223">
    <system-out><![CDATA[Sending 'harshad.mahajan1290@gmail.com' to element '[[ChromeDriver: chrome on mac (3720de1a7fa1a61a410594f539f8a3a2)] -> name: email]'
Sending 'P@ssword123' to element '[[ChromeDriver: chrome on mac (3720de1a7fa1a61a410594f539f8a3a2)] -> name: password]'
Clicking Login Button
Clicking Add New Contact + button
Sending 'Test1' to element '[[ChromeDriver: chrome on mac (3720de1a7fa1a61a410594f539f8a3a2)] -> name: first_name]'
Sending 'Last1' to element '[[ChromeDriver: chrome on mac (3720de1a7fa1a61a410594f539f8a3a2)] -> name: last_name]'
Clicking Save
Clicking Contacts
]]></system-out>
    <system-err><![CDATA[SLF4J: Failed to load class "org.slf4j.impl.StaticLoggerBinder".
SLF4J: Defaulting to no-operation (NOP) logger implementation
SLF4J: See http://www.slf4j.org/codes.html#StaticLoggerBinder for further details.
Sep 04, 2024 7:45:25 P.M. org.openqa.selenium.devtools.CdpVersionFinder findNearestMatch
WARNING: Unable to find an exact match for CDP version 128, returning the closest version; found: 127; Please update to a Selenium version that supports CDP version 128
]]></system-err>
  </testcase>
  <testcase name="verifyDataCanBeAddedFromExcelSheet[Test2, Last2](2)" classname="com.crm.qa.testcases.CreateNewContactPageTests" time="1.156">
    <system-out><![CDATA[Sending 'harshad.mahajan1290@gmail.com' to element '[[ChromeDriver: chrome on mac (3311a451b362c6ce379cca9161c5784d)] -> name: email]'
Sending 'P@ssword123' to element '[[ChromeDriver: chrome on mac (3311a451b362c6ce379cca9161c5784d)] -> name: password]'
Clicking Login Button
Clicking Add New Contact + button
Sending 'Test2' to element '[[ChromeDriver: chrome on mac (3311a451b362c6ce379cca9161c5784d)] -> name: first_name]'
Sending 'Last2' to element '[[ChromeDriver: chrome on mac (3311a451b362c6ce379cca9161c5784d)] -> name: last_name]'
Clicking Save
Clicking Contacts
]]></system-out>
    <system-err><![CDATA[Sep 04, 2024 7:45:31 P.M. org.openqa.selenium.devtools.CdpVersionFinder findNearestMatch
WARNING: Unable to find an exact match for CDP version 128, returning the closest version; found: 127; Please update to a Selenium version that supports CDP version 128
]]></system-err>
  </testcase>
  <testcase name="verifyDataCanBeAddedFromExcelSheet[Test3, Last3](3)" classname="com.crm.qa.testcases.CreateNewContactPageTests" time="1.25">
    <system-out><![CDATA[Sending 'harshad.mahajan1290@gmail.com' to element '[[ChromeDriver: chrome on mac (a35cbda35efc7c8bb5c41f37a8f169e9)] -> name: email]'
Sending 'P@ssword123' to element '[[ChromeDriver: chrome on mac (a35cbda35efc7c8bb5c41f37a8f169e9)] -> name: password]'
Clicking Login Button
Clicking Add New Contact + button
Sending 'Test3' to element '[[ChromeDriver: chrome on mac (a35cbda35efc7c8bb5c41f37a8f169e9)] -> name: first_name]'
Sending 'Last3' to element '[[ChromeDriver: chrome on mac (a35cbda35efc7c8bb5c41f37a8f169e9)] -> name: last_name]'
Clicking Save
Clicking Contacts
]]></system-out>
    <system-err><![CDATA[Sep 04, 2024 7:45:36 P.M. org.openqa.selenium.devtools.CdpVersionFinder findNearestMatch
WARNING: Unable to find an exact match for CDP version 128, returning the closest version; found: 127; Please update to a Selenium version that supports CDP version 128
]]></system-err>
  </testcase>
  <testcase name="verifyDataCanBeAddedFromExcelSheet[Test4, Last4](4)" classname="com.crm.qa.testcases.CreateNewContactPageTests" time="1.249">
    <system-out><![CDATA[Sending 'harshad.mahajan1290@gmail.com' to element '[[ChromeDriver: chrome on mac (25de67c4f86145d43eec9c4c7b33a761)] -> name: email]'
Sending 'P@ssword123' to element '[[ChromeDriver: chrome on mac (25de67c4f86145d43eec9c4c7b33a761)] -> name: password]'
Clicking Login Button
Clicking Add New Contact + button
Sending 'Test4' to element '[[ChromeDriver: chrome on mac (25de67c4f86145d43eec9c4c7b33a761)] -> name: first_name]'
Sending 'Last4' to element '[[ChromeDriver: chrome on mac (25de67c4f86145d43eec9c4c7b33a761)] -> name: last_name]'
Clicking Save
Clicking Contacts
]]></system-out>
    <system-err><![CDATA[Sep 04, 2024 7:45:42 P.M. org.openqa.selenium.devtools.CdpVersionFinder findNearestMatch
WARNING: Unable to find an exact match for CDP version 128, returning the closest version; found: 127; Please update to a Selenium version that supports CDP version 128
]]></system-err>
  </testcase>
  <testcase name="verifyNewContactIsCreatedByJustAddingMandatoryFields" classname="com.crm.qa.testcases.CreateNewContactPageTests" time="1.452">
    <system-out><![CDATA[Sending 'harshad.mahajan1290@gmail.com' to element '[[ChromeDriver: chrome on mac (c94656e75133c01d59685cd784e01aa1)] -> name: email]'
Sending 'P@ssword123' to element '[[ChromeDriver: chrome on mac (c94656e75133c01d59685cd784e01aa1)] -> name: password]'
Clicking Login Button
Clicking Add New Contact + button
Sending 'NewCo1725493550841' to element '[[ChromeDriver: chrome on mac (c94656e75133c01d59685cd784e01aa1)] -> name: first_name]'
Sending 'ntact1725493550841' to element '[[ChromeDriver: chrome on mac (c94656e75133c01d59685cd784e01aa1)] -> name: last_name]'
Clicking Save
Clicking Contacts
]]></system-out>
    <system-err><![CDATA[Sep 04, 2024 7:45:47 P.M. org.openqa.selenium.devtools.CdpVersionFinder findNearestMatch
WARNING: Unable to find an exact match for CDP version 128, returning the closest version; found: 127; Please update to a Selenium version that supports CDP version 128
]]></system-err>
  </testcase>
  <testcase name="verifyClickingOnSignUpNavigatesUserToRegisterPage" classname="com.crm.qa.testcases.LoginPageTests" time="1.002">
    <system-out><![CDATA[Clicking Sign Up link
2024-09-04 19.45.55 - [ASSERT PASSED] User is on Sign Up page
]]></system-out>
    <system-err><![CDATA[Sep 04, 2024 7:45:53 P.M. org.openqa.selenium.devtools.CdpVersionFinder findNearestMatch
WARNING: Unable to find an exact match for CDP version 128, returning the closest version; found: 127; Please update to a Selenium version that supports CDP version 128
]]></system-err>
  </testcase>
  <testcase name="verifyLoginPageTitle" classname="com.crm.qa.testcases.LoginPageTests" time="0.003">
    <system-err><![CDATA[Sep 04, 2024 7:45:56 P.M. org.openqa.selenium.devtools.CdpVersionFinder findNearestMatch
WARNING: Unable to find an exact match for CDP version 128, returning the closest version; found: 127; Please update to a Selenium version that supports CDP version 128
]]></system-err>
  </testcase>
  <testcase name="verifyUserCanLoginWithCorrectCredentials" classname="com.crm.qa.testcases.LoginPageTests" time="1.0">
    <system-out><![CDATA[Sending 'harshad.mahajan1290@gmail.com' to element '[[ChromeDriver: chrome on mac (bb50ce724b67d3edac7b9108af103905)] -> name: email]'
Sending 'P@ssword123' to element '[[ChromeDriver: chrome on mac (bb50ce724b67d3edac7b9108af103905)] -> name: password]'
Clicking Login Button
2024-09-04 19.46.01 - [ASSERT PASSED] Logged user is same
]]></system-out>
    <system-err><![CDATA[Sep 04, 2024 7:45:59 P.M. org.openqa.selenium.devtools.CdpVersionFinder findNearestMatch
WARNING: Unable to find an exact match for CDP version 128, returning the closest version; found: 127; Please update to a Selenium version that supports CDP version 128
]]></system-err>
  </testcase>
  <testcase name="verifyUserGetsErrorMessageWithWrongCreds" classname="com.crm.qa.testcases.LoginPageTests" time="0.571">
    <system-out><![CDATA[Sending 'Test1' to element '[[ChromeDriver: chrome on mac (afe7a8a681c691a4a797f60d90e27a93)] -> name: email]'
Sending '123456' to element '[[ChromeDriver: chrome on mac (afe7a8a681c691a4a797f60d90e27a93)] -> name: password]'
Clicking Login Button
2024-09-04 19.46.05 - [ASSERT PASSED] Invalid login error message text does match
]]></system-out>
    <system-err><![CDATA[Sep 04, 2024 7:46:02 P.M. org.openqa.selenium.devtools.CdpVersionFinder findNearestMatch
WARNING: Unable to find an exact match for CDP version 128, returning the closest version; found: 127; Please update to a Selenium version that supports CDP version 128
]]></system-err>
  </testcase>
  <testcase name="verifyClickingOnContactsRedirectsToContactsPage" classname="com.crm.qa.testcases.HomePageTests" time="1.15">
    <system-out><![CDATA[Sending 'harshad.mahajan1290@gmail.com' to element '[[ChromeDriver: chrome on mac (a210af57fe4aeb81343a43d18580a12d)] -> name: email]'
Sending 'P@ssword123' to element '[[ChromeDriver: chrome on mac (a210af57fe4aeb81343a43d18580a12d)] -> name: password]'
Clicking Login Button
Clicking Contacts
]]></system-out>
    <system-err><![CDATA[Sep 04, 2024 7:46:05 P.M. org.openqa.selenium.devtools.CdpVersionFinder findNearestMatch
WARNING: Unable to find an exact match for CDP version 128, returning the closest version; found: 127; Please update to a Selenium version that supports CDP version 128
]]></system-err>
  </testcase>
  <testcase name="verifyCreateNewCustomerPageOpensWhenPlusButtonIsClicked" classname="com.crm.qa.testcases.HomePageTests" time="1.122">
    <system-out><![CDATA[Sending 'harshad.mahajan1290@gmail.com' to element '[[ChromeDriver: chrome on mac (dff45beea797989902da94abd676ef72)] -> name: email]'
Sending 'P@ssword123' to element '[[ChromeDriver: chrome on mac (dff45beea797989902da94abd676ef72)] -> name: password]'
Clicking Login Button
Clicking Add New Contact + button
]]></system-out>
    <system-err><![CDATA[Sep 04, 2024 7:46:09 P.M. org.openqa.selenium.devtools.CdpVersionFinder findNearestMatch
WARNING: Unable to find an exact match for CDP version 128, returning the closest version; found: 127; Please update to a Selenium version that supports CDP version 128
]]></system-err>
  </testcase>
</testsuite>