<?xml version="1.0" encoding="UTF-8"?>
<!-- Generated by org.testng.reporters.JUnitReportReporter -->
<testsuite hostname="Tejshrees-MacBook-Air.local" failures="0" tests="2" name="com.crm.qa.testcases.HomePageTests" time="79.029" errors="0" timestamp="2024-09-03T12:28:01 EDT" skipped="0">
  <testcase classname="com.crm.qa.testcases.HomePageTests" name="verifyClickingOnContactsRedirectsToContactsPage" time="37.644"/>
  <testcase classname="com.crm.qa.testcases.HomePageTests" name="verifyCreateNewCustomerPageOpensWhenPlusButtonIsClicked" time="41.385"/>
</testsuite> <!-- com.crm.qa.testcases.HomePageTests -->
