<?xml version="1.0" encoding="UTF-8"?>
<!-- Generated by org.testng.reporters.JUnitReportReporter -->
<testsuite hostname="Tejshrees-MacBook-Air.local" failures="0" tests="4" name="com.crm.qa.testcases.CreateNewContactPageTests" time="212.161" errors="0" timestamp="2024-09-03T12:49:44 EDT" skipped="0">
  <testcase classname="com.crm.qa.testcases.CreateNewContactPageTests" name="verifyDataCanBeAddedFromExcelSheet" time="51.349"/>
  <testcase classname="com.crm.qa.testcases.CreateNewContactPageTests" name="verifyDataCanBeAddedFromExcelSheet" time="53.128"/>
  <testcase classname="com.crm.qa.testcases.CreateNewContactPageTests" name="verifyDataCanBeAddedFromExcelSheet" time="52.458"/>
  <testcase classname="com.crm.qa.testcases.CreateNewContactPageTests" name="verifyDataCanBeAddedFromExcelSheet" time="55.226"/>
</testsuite> <!-- com.crm.qa.testcases.CreateNewContactPageTests -->
