<?xml version="1.0" encoding="UTF-8"?>
<!-- Generated by org.testng.reporters.JUnitReportReporter -->
<testsuite hostname="Tejshrees-MacBook-Air.local" failures="0" tests="4" name="com.crm.qa.testcases.LoginPageTests" time="88.963" errors="0" timestamp="2024-09-03T12:28:01 EDT" skipped="0">
  <testcase classname="com.crm.qa.testcases.LoginPageTests" name="verifyUserGetsErrorMessageWithWrongCreds" time="18.363"/>
  <testcase classname="com.crm.qa.testcases.LoginPageTests" name="verifyLoginPageTitle" time="12.895"/>
  <testcase classname="com.crm.qa.testcases.LoginPageTests" name="verifyUserCanLoginWithCorrectCredentials" time="34.332"/>
  <testcase classname="com.crm.qa.testcases.LoginPageTests" name="verifyClickingOnSignUpNavigatesUserToRegisterPage" time="23.373"/>
</testsuite> <!-- com.crm.qa.testcases.LoginPageTests -->
