<?xml version="1.0" encoding="UTF-8"?>
<!-- Generated by org.testng.reporters.JUnitReportReporter -->
<testsuite hostname="Tejshrees-MacBook-Air.local" failures="0" tests="2" name="com.crm.qa.testcases.HomePageTests" time="7.718" errors="0" timestamp="2024-09-04T19:46:12 EDT" skipped="0">
  <testcase classname="com.crm.qa.testcases.HomePageTests" name="verifyClickingOnContactsRedirectsToContactsPage" time="3.799"/>
  <testcase classname="com.crm.qa.testcases.HomePageTests" name="verifyCreateNewCustomerPageOpensWhenPlusButtonIsClicked" time="3.919"/>
</testsuite> <!-- com.crm.qa.testcases.HomePageTests -->
