<?xml version="1.0" encoding="UTF-8"?>
<!-- Generated by org.testng.reporters.JUnitReportReporter -->
<testsuite hostname="Tejshrees-MacBook-Air.local" failures="0" tests="4" name="com.crm.qa.testcases.LoginPageTests" time="12.717" errors="0" timestamp="2024-09-04T19:46:12 EDT" skipped="0">
  <testcase classname="com.crm.qa.testcases.LoginPageTests" name="verifyClickingOnSignUpNavigatesUserToRegisterPage" time="3.536"/>
  <testcase classname="com.crm.qa.testcases.LoginPageTests" name="verifyLoginPageTitle" time="2.556"/>
  <testcase classname="com.crm.qa.testcases.LoginPageTests" name="verifyUserCanLoginWithCorrectCredentials" time="3.523"/>
  <testcase classname="com.crm.qa.testcases.LoginPageTests" name="verifyUserGetsErrorMessageWithWrongCreds" time="3.102"/>
</testsuite> <!-- com.crm.qa.testcases.LoginPageTests -->
