<?xml version="1.0" encoding="UTF-8"?>
<!-- Generated by org.testng.reporters.JUnitReportReporter -->
<testsuite hostname="Tejshrees-MacBook-Air.local" failures="0" tests="5" name="com.crm.qa.testcases.CreateNewContactPageTests" time="32.254" errors="0" timestamp="2024-09-04T19:46:12 EDT" skipped="0">
  <testcase classname="com.crm.qa.testcases.CreateNewContactPageTests" name="verifyDataCanBeAddedFromExcelSheet" time="5.343"/>
  <testcase classname="com.crm.qa.testcases.CreateNewContactPageTests" name="verifyNewContactIsCreatedByJustAddingMandatoryFields" time="10.920"/>
  <testcase classname="com.crm.qa.testcases.CreateNewContactPageTests" name="verifyDataCanBeAddedFromExcelSheet" time="5.223"/>
  <testcase classname="com.crm.qa.testcases.CreateNewContactPageTests" name="verifyDataCanBeAddedFromExcelSheet" time="5.681"/>
  <testcase classname="com.crm.qa.testcases.CreateNewContactPageTests" name="verifyDataCanBeAddedFromExcelSheet" time="5.087"/>
</testsuite> <!-- com.crm.qa.testcases.CreateNewContactPageTests -->
